Determining if the pthread_create exist failed with the following output:
Change Dir: /home/sun/hexapod_5_ws/build/CMakeFiles/CMakeTmp

Run Build Command:/usr/bin/make "cmTryCompileExec243532435/fast"
/usr/bin/make -f CMakeFiles/cmTryCompileExec243532435.dir/build.make CMakeFiles/cmTryCompileExec243532435.dir/build
make[1]: 正在进入目录 `/home/sun/hexapod_5_ws/build/CMakeFiles/CMakeTmp'
/usr/bin/cmake -E cmake_progress_report /home/sun/hexapod_5_ws/build/CMakeFiles/CMakeTmp/CMakeFiles 1
Building C object CMakeFiles/cmTryCompileExec243532435.dir/CheckSymbolExists.c.o
/usr/bin/cc    -o CMakeFiles/cmTryCompileExec243532435.dir/CheckSymbolExists.c.o   -c /home/sun/hexapod_5_ws/build/CMakeFiles/CMakeTmp/CheckSymbolExists.c
Linking C executable cmTryCompileExec243532435
/usr/bin/cmake -E cmake_link_script CMakeFiles/cmTryCompileExec243532435.dir/link.txt --verbose=1
/usr/bin/cc       CMakeFiles/cmTryCompileExec243532435.dir/CheckSymbolExists.c.o  -o cmTryCompileExec243532435 -rdynamic 
CMakeFiles/cmTryCompileExec243532435.dir/CheckSymbolExists.c.o：在函数‘main’中：
CheckSymbolExists.c:(.text+0x16)：对‘pthread_create’未定义的引用
collect2: error: ld returned 1 exit status
make[1]: *** [cmTryCompileExec243532435] 错误 1
make[1]:正在离开目录 `/home/sun/hexapod_5_ws/build/CMakeFiles/CMakeTmp'
make: *** [cmTryCompileExec243532435/fast] 错误 2

File /home/sun/hexapod_5_ws/build/CMakeFiles/CMakeTmp/CheckSymbolExists.c:
/* */
#include <pthread.h>

int main(int argc, char** argv)
{
  (void)argv;
#ifndef pthread_create
  return ((int*)(&pthread_create))[argc];
#else
  (void)argc;
  return 0;
#endif
}

Determining if the function pthread_create exists in the pthreads failed with the following output:
Change Dir: /home/sun/hexapod_5_ws/build/CMakeFiles/CMakeTmp

Run Build Command:/usr/bin/make "cmTryCompileExec939136044/fast"
/usr/bin/make -f CMakeFiles/cmTryCompileExec939136044.dir/build.make CMakeFiles/cmTryCompileExec939136044.dir/build
make[1]: 正在进入目录 `/home/sun/hexapod_5_ws/build/CMakeFiles/CMakeTmp'
/usr/bin/cmake -E cmake_progress_report /home/sun/hexapod_5_ws/build/CMakeFiles/CMakeTmp/CMakeFiles 1
Building C object CMakeFiles/cmTryCompileExec939136044.dir/CheckFunctionExists.c.o
/usr/bin/cc   -DCHECK_FUNCTION_EXISTS=pthread_create   -o CMakeFiles/cmTryCompileExec939136044.dir/CheckFunctionExists.c.o   -c /usr/share/cmake-2.8/Modules/CheckFunctionExists.c
Linking C executable cmTryCompileExec939136044
/usr/bin/cmake -E cmake_link_script CMakeFiles/cmTryCompileExec939136044.dir/link.txt --verbose=1
/usr/bin/cc   -DCHECK_FUNCTION_EXISTS=pthread_create    CMakeFiles/cmTryCompileExec939136044.dir/CheckFunctionExists.c.o  -o cmTryCompileExec939136044 -rdynamic -lpthreads 
/usr/bin/ld: 找不到 -lpthreads
collect2: error: ld returned 1 exit status
make[1]: *** [cmTryCompileExec939136044] 错误 1
make[1]:正在离开目录 `/home/sun/hexapod_5_ws/build/CMakeFiles/CMakeTmp'
make: *** [cmTryCompileExec939136044/fast] 错误 2


